2026-02-04 17:26:14 | INFO | RUN | - | app.gui | Log file: Y:\Projects\Formula_tool\hfp_formulatool_py\output\run_20260204_172614.log
2026-02-04 17:26:14 | INFO | RUN | - | core.pipeline | START processing
2026-02-04 17:26:14 | INFO | RUN | - | core.pipeline | Input=Y:\Projects\Formula_tool\hfp_formulatool_py\Formel_extrakt_nur3_5.xlsx Output=Y:\Projects\Formula_tool\hfp_formulatool_py\output max_rules=2000
2026-02-04 17:26:14 | INFO | LOAD_OPERATOR_CONFIG | - | core.pipeline | START
2026-02-04 17:26:14 | INFO | LOAD_OPERATOR_CONFIG | - | core.operator_config | CONFIG_LOAD_START: path=Y:\Projects\Formula_tool\hfp_formulatool_py\config\operators.json
2026-02-04 17:26:14 | INFO | LOAD_OPERATOR_CONFIG | - | core.operator_config | CONFIG_LOAD_OK: path=Y:\Projects\Formula_tool\hfp_formulatool_py\config\operators.json summary={'AND': ['&', 'AND'], 'OR': ['|', 'OR'], 'NOT': ['!', 'NOT'], 'EQ': ['='], 'NEQ': ['<>', '!='], 'LPAREN': ['('], 'RPAREN': [')']}
2026-02-04 17:26:14 | INFO | LOAD_OPERATOR_CONFIG | - | core.pipeline | OK
2026-02-04 17:26:14 | INFO | LOAD_WORKBOOK | - | core.pipeline | START
2026-02-04 17:26:14 | INFO | LOAD_WORKBOOK | - | core.pipeline | OK
2026-02-04 17:26:14 | INFO | GROUP_ROWS | - | core.pipeline | START
2026-02-04 17:26:14 | INFO | GROUP_ROWS | - | core.pipeline | OK
2026-02-04 17:26:14 | INFO | GROUP_ROWS | - | core.pipeline | Grouped sections=1
2026-02-04 17:26:14 | INFO | SECTION_VALIDATE | A=Climate Change Mitigation | C=3.5. Manufacture of energy efficiency equipment for buildings | F=Substantial Contribution | H=((ePBN111002_1|ePBN111003_1|ePBN115700_1|ePBN115701_1|ePBN115699_1|ePBN115691... | id=509b3885 | core.pipeline | START
2026-02-04 17:26:14 | INFO | SECTION_VALIDATE | A=Climate Change Mitigation | C=3.5. Manufacture of energy efficiency equipment for buildings | F=Substantial Contribution | H=((ePBN111002_1|ePBN111003_1|ePBN115700_1|ePBN115701_1|ePBN115699_1|ePBN115691... | id=509b3885 | core.pipeline | OK
2026-02-04 17:26:14 | INFO | SECTION_SHEET_NAME | A=Climate Change Mitigation | C=3.5. Manufacture of energy efficiency equipment for buildings | F=Substantial Contribution | H=((ePBN111002_1|ePBN111003_1|ePBN115700_1|ePBN115701_1|ePBN115699_1|ePBN115691... | id=509b3885 | core.pipeline | START
2026-02-04 17:26:14 | INFO | SECTION_SHEET_NAME | A=Climate Change Mitigation | C=3.5. Manufacture of energy efficiency equipment for buildings | F=Substantial Contribution | H=((ePBN111002_1|ePBN111003_1|ePBN115700_1|ePBN115701_1|ePBN115699_1|ePBN115691... | id=509b3885 | core.pipeline | OK
2026-02-04 17:26:14 | INFO | SECTION_PARSE | A=Climate Change Mitigation | C=3.5. Manufacture of energy efficiency equipment for buildings | F=Substantial Contribution | H=((ePBN111002_1|ePBN111003_1|ePBN115700_1|ePBN115701_1|ePBN115699_1|ePBN115691... | id=509b3885 | core.pipeline | START
2026-02-04 17:26:14 | INFO | SECTION_PARSE | A=Climate Change Mitigation | C=3.5. Manufacture of energy efficiency equipment for buildings | F=Substantial Contribution | H=((ePBN111002_1|ePBN111003_1|ePBN115700_1|ePBN115701_1|ePBN115699_1|ePBN115691... | id=509b3885 | core.formula_parser | PARSE_START: len=255
2026-02-04 17:26:14 | INFO | SECTION_PARSE | A=Climate Change Mitigation | C=3.5. Manufacture of energy efficiency equipment for buildings | F=Substantial Contribution | H=((ePBN111002_1|ePBN111003_1|ePBN115700_1|ePBN115701_1|ePBN115699_1|ePBN115691... | id=509b3885 | core.formula_parser | TOKENIZE_START: len=255
2026-02-04 17:26:14 | INFO | SECTION_PARSE | A=Climate Change Mitigation | C=3.5. Manufacture of energy efficiency equipment for buildings | F=Substantial Contribution | H=((ePBN111002_1|ePBN111003_1|ePBN115700_1|ePBN115701_1|ePBN115699_1|ePBN115691... | id=509b3885 | core.formula_parser | TOKENIZE_OK: tokens=43
2026-02-04 17:26:14 | INFO | SECTION_PARSE | A=Climate Change Mitigation | C=3.5. Manufacture of energy efficiency equipment for buildings | F=Substantial Contribution | H=((ePBN111002_1|ePBN111003_1|ePBN115700_1|ePBN115701_1|ePBN115699_1|ePBN115691... | id=509b3885 | core.formula_parser | PARSE_OK: tokens=43
2026-02-04 17:26:14 | INFO | SECTION_PARSE | A=Climate Change Mitigation | C=3.5. Manufacture of energy efficiency equipment for buildings | F=Substantial Contribution | H=((ePBN111002_1|ePBN111003_1|ePBN115700_1|ePBN115701_1|ePBN115699_1|ePBN115691... | id=509b3885 | core.pipeline | OK
2026-02-04 17:26:14 | INFO | SECTION_MAX_RULES | A=Climate Change Mitigation | C=3.5. Manufacture of energy efficiency equipment for buildings | F=Substantial Contribution | H=((ePBN111002_1|ePBN111003_1|ePBN115700_1|ePBN115701_1|ePBN115699_1|ePBN115691... | id=509b3885 | core.pipeline | START
2026-02-04 17:26:14 | INFO | SECTION_MAX_RULES | A=Climate Change Mitigation | C=3.5. Manufacture of energy efficiency equipment for buildings | F=Substantial Contribution | H=((ePBN111002_1|ePBN111003_1|ePBN115700_1|ePBN115701_1|ePBN115699_1|ePBN115691... | id=509b3885 | core.pipeline | OK
2026-02-04 17:26:14 | INFO | EXPORT_ACTIVITY_INIT | C=3.5. Manufacture of energy efficiency equipment for buildings | core.pipeline | START
2026-02-04 17:26:14 | INFO | EXPORT_ACTIVITY_INIT | C=3.5. Manufacture of energy efficiency equipment for buildings | core.pipeline | OK
2026-02-04 17:26:14 | INFO | EXPORT_SECTION_SHEET | A=Climate Change Mitigation | C=3.5. Manufacture of energy efficiency equipment for buildings | F=Substantial Contribution | H=((ePBN111002_1|ePBN111003_1|ePBN115700_1|ePBN115701_1|ePBN115699_1|ePBN115691... | id=509b3885 | core.pipeline | START
2026-02-04 17:26:14 | INFO | EXPORT_SECTION_SHEET | A=Climate Change Mitigation | C=3.5. Manufacture of energy efficiency equipment for buildings | F=Substantial Contribution | H=((ePBN111002_1|ePBN111003_1|ePBN115700_1|ePBN115701_1|ePBN115699_1|ePBN115691... | id=509b3885 | core.pipeline | OK
2026-02-04 17:26:14 | INFO | EXPORT_SECTION_CONFLUENCE | A=Climate Change Mitigation | C=3.5. Manufacture of energy efficiency equipment for buildings | F=Substantial Contribution | H=((ePBN111002_1|ePBN111003_1|ePBN115700_1|ePBN115701_1|ePBN115699_1|ePBN115691... | id=509b3885 | core.pipeline | START
2026-02-04 17:26:14 | INFO | EXPORT_SECTION_CONFLUENCE | A=Climate Change Mitigation | C=3.5. Manufacture of energy efficiency equipment for buildings | F=Substantial Contribution | H=((ePBN111002_1|ePBN111003_1|ePBN115700_1|ePBN115701_1|ePBN115699_1|ePBN115691... | id=509b3885 | core.pipeline | OK
2026-02-04 17:26:14 | INFO | EXPORT_ACTIVITY_SAVE_WORKBOOK | C=3.5. Manufacture of energy efficiency equipment for buildings | core.pipeline | START
2026-02-04 17:26:14 | INFO | EXPORT_ACTIVITY_SAVE_WORKBOOK | C=3.5. Manufacture of energy efficiency equipment for buildings | core.pipeline | OK
2026-02-04 17:26:14 | INFO | EXPORT_ACTIVITY_DOCS | C=3.5. Manufacture of energy efficiency equipment for buildings | core.pipeline | START
2026-02-04 17:26:14 | ERROR | EXPORT_ACTIVITY_DOCS | C=3.5. Manufacture of energy efficiency equipment for buildings | core.pipeline | FAILED: unexpected error
Traceback (most recent call last):
  File "Y:\Projects\Formula_tool\hfp_formulatool_py\core\pipeline.py", line 67, in _run_stage
    value = func()
  File "Y:\Projects\Formula_tool\hfp_formulatool_py\core\pipeline.py", line 314, in <lambda>
    _run_stage(Stage.EXPORT_ACTIVITY_DOCS, activity_ref, lambda: write_docs_files(activity_folder, activity, sections))
                                                                 ~~~~~~~~~~~~~~~~^^^^^^^^^^^^^^^^^^^^^^^^^^^^^^^^^^^^^
  File "Y:\Projects\Formula_tool\hfp_formulatool_py\exporters\docs_exporter.py", line 152, in write_docs_files
    with csv_path.open("w", newline="", encoding="utf-8") as handle:
         ~~~~~~~~~~~~~^^^^^^^^^^^^^^^^^^^^^^^^^^^^^^^^^^^
  File "C:\Users\mradlmair\AppData\Local\Programs\Python\Python313\Lib\pathlib\_local.py", line 537, in open
    return io.open(self, mode, buffering, encoding, errors, newline)
           ~~~~~~~^^^^^^^^^^^^^^^^^^^^^^^^^^^^^^^^^^^^^^^^^^^^^^^^^^
PermissionError: [Errno 13] Permission denied: 'Y:\\Projects\\Formula_tool\\hfp_formulatool_py\\output\\3.5._Manufacture_of_energy_efficiency_equipment_for_buildings\\DNF_3.5. Manufacture of energy efficiency equipment for buildings.csv'
2026-02-04 17:26:14 | INFO | RUN | - | core.pipeline | DONE processing
2026-02-04 17:26:14 | INFO | RUN | - | app.gui | Processing completed
