2026-02-04 17:21:06 | INFO | RUN | - | __main__ | CLI start
2026-02-04 17:21:06 | INFO | RUN | - | __main__ | Log file: tmp_real_output\run_20260204_172106.log
2026-02-04 17:21:06 | INFO | RUN | - | core.pipeline | START processing
2026-02-04 17:21:06 | INFO | RUN | - | core.pipeline | Input=tmp_real_example.xlsx Output=tmp_real_output max_rules=2000
2026-02-04 17:21:06 | INFO | LOAD_OPERATOR_CONFIG | - | core.pipeline | START
2026-02-04 17:21:06 | INFO | LOAD_OPERATOR_CONFIG | - | core.operator_config | CONFIG_LOAD_START: path=Y:\Projects\Formula_tool\hfp_formulatool_py\config\operators.json
2026-02-04 17:21:06 | INFO | LOAD_OPERATOR_CONFIG | - | core.operator_config | CONFIG_LOAD_OK: path=Y:\Projects\Formula_tool\hfp_formulatool_py\config\operators.json summary={'AND': ['&', 'AND'], 'OR': ['|', 'OR'], 'NOT': ['!', 'NOT'], 'EQ': ['='], 'NEQ': ['<>', '!='], 'LPAREN': ['('], 'RPAREN': [')']}
2026-02-04 17:21:06 | INFO | LOAD_OPERATOR_CONFIG | - | core.pipeline | OK
2026-02-04 17:21:06 | INFO | LOAD_WORKBOOK | - | core.pipeline | START
2026-02-04 17:21:06 | INFO | LOAD_WORKBOOK | - | core.pipeline | OK
2026-02-04 17:21:06 | INFO | GROUP_ROWS | - | core.pipeline | START
2026-02-04 17:21:06 | INFO | GROUP_ROWS | - | core.pipeline | OK
2026-02-04 17:21:06 | INFO | GROUP_ROWS | - | core.pipeline | Grouped sections=1
2026-02-04 17:21:06 | INFO | SECTION_VALIDATE | A=Climate Change Mitigation | C=3.5. Manufacture of energy efficiency equipment for buildings | F=Substantial Contribution | H=((ePBN111002_1|ePBN111003_1|ePBN115700_1|ePBN115701_1|ePBN115699_1|ePBN115691... | id=509b3885 | core.pipeline | START
2026-02-04 17:21:06 | INFO | SECTION_VALIDATE | A=Climate Change Mitigation | C=3.5. Manufacture of energy efficiency equipment for buildings | F=Substantial Contribution | H=((ePBN111002_1|ePBN111003_1|ePBN115700_1|ePBN115701_1|ePBN115699_1|ePBN115691... | id=509b3885 | core.pipeline | OK
2026-02-04 17:21:06 | INFO | SECTION_SHEET_NAME | A=Climate Change Mitigation | C=3.5. Manufacture of energy efficiency equipment for buildings | F=Substantial Contribution | H=((ePBN111002_1|ePBN111003_1|ePBN115700_1|ePBN115701_1|ePBN115699_1|ePBN115691... | id=509b3885 | core.pipeline | START
2026-02-04 17:21:06 | INFO | SECTION_SHEET_NAME | A=Climate Change Mitigation | C=3.5. Manufacture of energy efficiency equipment for buildings | F=Substantial Contribution | H=((ePBN111002_1|ePBN111003_1|ePBN115700_1|ePBN115701_1|ePBN115699_1|ePBN115691... | id=509b3885 | core.pipeline | OK
2026-02-04 17:21:06 | INFO | SECTION_PARSE | A=Climate Change Mitigation | C=3.5. Manufacture of energy efficiency equipment for buildings | F=Substantial Contribution | H=((ePBN111002_1|ePBN111003_1|ePBN115700_1|ePBN115701_1|ePBN115699_1|ePBN115691... | id=509b3885 | core.pipeline | START
2026-02-04 17:21:06 | INFO | SECTION_PARSE | A=Climate Change Mitigation | C=3.5. Manufacture of energy efficiency equipment for buildings | F=Substantial Contribution | H=((ePBN111002_1|ePBN111003_1|ePBN115700_1|ePBN115701_1|ePBN115699_1|ePBN115691... | id=509b3885 | core.formula_parser | PARSE_START: len=255
2026-02-04 17:21:06 | INFO | SECTION_PARSE | A=Climate Change Mitigation | C=3.5. Manufacture of energy efficiency equipment for buildings | F=Substantial Contribution | H=((ePBN111002_1|ePBN111003_1|ePBN115700_1|ePBN115701_1|ePBN115699_1|ePBN115691... | id=509b3885 | core.formula_parser | TOKENIZE_START: len=255
2026-02-04 17:21:06 | INFO | SECTION_PARSE | A=Climate Change Mitigation | C=3.5. Manufacture of energy efficiency equipment for buildings | F=Substantial Contribution | H=((ePBN111002_1|ePBN111003_1|ePBN115700_1|ePBN115701_1|ePBN115699_1|ePBN115691... | id=509b3885 | core.formula_parser | TOKENIZE_OK: tokens=43
2026-02-04 17:21:06 | INFO | SECTION_PARSE | A=Climate Change Mitigation | C=3.5. Manufacture of energy efficiency equipment for buildings | F=Substantial Contribution | H=((ePBN111002_1|ePBN111003_1|ePBN115700_1|ePBN115701_1|ePBN115699_1|ePBN115691... | id=509b3885 | core.formula_parser | PARSE_OK: tokens=43
2026-02-04 17:21:06 | INFO | SECTION_PARSE | A=Climate Change Mitigation | C=3.5. Manufacture of energy efficiency equipment for buildings | F=Substantial Contribution | H=((ePBN111002_1|ePBN111003_1|ePBN115700_1|ePBN115701_1|ePBN115699_1|ePBN115691... | id=509b3885 | core.pipeline | OK
2026-02-04 17:21:06 | INFO | SECTION_MAX_RULES | A=Climate Change Mitigation | C=3.5. Manufacture of energy efficiency equipment for buildings | F=Substantial Contribution | H=((ePBN111002_1|ePBN111003_1|ePBN115700_1|ePBN115701_1|ePBN115699_1|ePBN115691... | id=509b3885 | core.pipeline | START
2026-02-04 17:21:06 | INFO | SECTION_MAX_RULES | A=Climate Change Mitigation | C=3.5. Manufacture of energy efficiency equipment for buildings | F=Substantial Contribution | H=((ePBN111002_1|ePBN111003_1|ePBN115700_1|ePBN115701_1|ePBN115699_1|ePBN115691... | id=509b3885 | core.pipeline | OK
2026-02-04 17:21:06 | INFO | EXPORT_ACTIVITY_INIT | C=3.5. Manufacture of energy efficiency equipment for buildings | core.pipeline | START
2026-02-04 17:21:06 | INFO | EXPORT_ACTIVITY_INIT | C=3.5. Manufacture of energy efficiency equipment for buildings | core.pipeline | OK
2026-02-04 17:21:06 | INFO | EXPORT_SECTION_SHEET | A=Climate Change Mitigation | C=3.5. Manufacture of energy efficiency equipment for buildings | F=Substantial Contribution | H=((ePBN111002_1|ePBN111003_1|ePBN115700_1|ePBN115701_1|ePBN115699_1|ePBN115691... | id=509b3885 | core.pipeline | START
2026-02-04 17:21:06 | INFO | EXPORT_SECTION_SHEET | A=Climate Change Mitigation | C=3.5. Manufacture of energy efficiency equipment for buildings | F=Substantial Contribution | H=((ePBN111002_1|ePBN111003_1|ePBN115700_1|ePBN115701_1|ePBN115699_1|ePBN115691... | id=509b3885 | core.pipeline | OK
2026-02-04 17:21:06 | INFO | EXPORT_SECTION_CONFLUENCE | A=Climate Change Mitigation | C=3.5. Manufacture of energy efficiency equipment for buildings | F=Substantial Contribution | H=((ePBN111002_1|ePBN111003_1|ePBN115700_1|ePBN115701_1|ePBN115699_1|ePBN115691... | id=509b3885 | core.pipeline | START
2026-02-04 17:21:06 | INFO | EXPORT_SECTION_CONFLUENCE | A=Climate Change Mitigation | C=3.5. Manufacture of energy efficiency equipment for buildings | F=Substantial Contribution | H=((ePBN111002_1|ePBN111003_1|ePBN115700_1|ePBN115701_1|ePBN115699_1|ePBN115691... | id=509b3885 | core.pipeline | OK
2026-02-04 17:21:06 | INFO | EXPORT_ACTIVITY_SAVE_WORKBOOK | C=3.5. Manufacture of energy efficiency equipment for buildings | core.pipeline | START
2026-02-04 17:21:06 | INFO | EXPORT_ACTIVITY_SAVE_WORKBOOK | C=3.5. Manufacture of energy efficiency equipment for buildings | core.pipeline | OK
2026-02-04 17:21:06 | INFO | EXPORT_ACTIVITY_DOCS | C=3.5. Manufacture of energy efficiency equipment for buildings | core.pipeline | START
2026-02-04 17:21:06 | INFO | EXPORT_ACTIVITY_DOCS | C=3.5. Manufacture of energy efficiency equipment for buildings | core.pipeline | OK
2026-02-04 17:21:06 | INFO | RUN | - | core.pipeline | DONE processing
2026-02-04 17:21:06 | INFO | RUN | - | __main__ | Summary: total=1 succeeded=1 failed=0
